0 info it worked if it ends with ok
1 verbose cli [ 'C:\\Program Files\\nodejs\\node.exe',
1 verbose cli   'C:\\Program Files\\nodejs\\node_modules\\npm\\bin\\npm-cli.js',
1 verbose cli   'install',
1 verbose cli   'child_process' ]
2 info using npm@2.14.3
3 info using node@v4.1.0
4 verbose install initial load of C:\Users\hesham\Google Drive\projects\RaspberryPi\FirstTimeWizard\ftw_page\package.json
5 verbose installManyTop reading scoped package data from C:\Users\hesham\Google Drive\projects\RaspberryPi\FirstTimeWizard\ftw_page\node_modules\formidable\package.json
6 verbose installManyTop reading scoped package data from C:\Users\hesham\Google Drive\projects\RaspberryPi\FirstTimeWizard\ftw_page\node_modules\url\package.json
7 info package.json url@0.11.0 url is also the name of a node core module.
8 info package.json formidable@1.0.17 No license field.
9 verbose readDependencies loading dependencies from C:\Users\hesham\Google Drive\projects\RaspberryPi\FirstTimeWizard\ftw_page\package.json
10 silly cache add args [ 'child_process', null ]
11 verbose cache add spec child_process
12 silly cache add parsed spec Result {
12 silly cache add   raw: 'child_process',
12 silly cache add   scope: null,
12 silly cache add   name: 'child_process',
12 silly cache add   rawSpec: '',
12 silly cache add   spec: '*',
12 silly cache add   type: 'range' }
13 silly addNamed child_process@*
14 verbose addNamed "*" is a valid semver range for child_process
15 silly addNameRange { name: 'child_process', range: '*', hasData: false }
16 silly mapToRegistry name child_process
17 silly mapToRegistry using default registry
18 silly mapToRegistry registry https://registry.npmjs.org/
19 silly mapToRegistry uri https://registry.npmjs.org/child_process
20 verbose addNameRange registry:https://registry.npmjs.org/child_process not in flight; fetching
21 verbose request uri https://registry.npmjs.org/child_process
22 verbose request no auth needed
23 info attempt registry request try #1 at 9:16:09 AM
24 verbose request id cb5f273de348d2e7
25 http request GET https://registry.npmjs.org/child_process
26 http 404 https://registry.npmjs.org/child_process
27 verbose headers { 'content-type': 'application/json',
27 verbose headers   'cache-control': 'max-age=0',
27 verbose headers   'content-length': '2',
27 verbose headers   'accept-ranges': 'bytes',
27 verbose headers   date: 'Thu, 12 May 2016 06:16:27 GMT',
27 verbose headers   via: '1.1 varnish',
27 verbose headers   age: '0',
27 verbose headers   connection: 'keep-alive',
27 verbose headers   'x-served-by': 'cache-fra1247-FRA',
27 verbose headers   'x-cache': 'MISS',
27 verbose headers   'x-cache-hits': '0',
27 verbose headers   'x-timer': 'S1463033787.496624,VS0,VE426',
27 verbose headers   vary: 'Accept-Encoding' }
28 silly get cb [ 404,
28 silly get   { 'content-type': 'application/json',
28 silly get     'cache-control': 'max-age=0',
28 silly get     'content-length': '2',
28 silly get     'accept-ranges': 'bytes',
28 silly get     date: 'Thu, 12 May 2016 06:16:27 GMT',
28 silly get     via: '1.1 varnish',
28 silly get     age: '0',
28 silly get     connection: 'keep-alive',
28 silly get     'x-served-by': 'cache-fra1247-FRA',
28 silly get     'x-cache': 'MISS',
28 silly get     'x-cache-hits': '0',
28 silly get     'x-timer': 'S1463033787.496624,VS0,VE426',
28 silly get     vary: 'Accept-Encoding' } ]
29 verbose stack Error: Registry returned 404 for GET on https://registry.npmjs.org/child_process
29 verbose stack     at makeError (C:\Program Files\nodejs\node_modules\npm\node_modules\npm-registry-client\lib\request.js:263:12)
29 verbose stack     at CachingRegistryClient.<anonymous> (C:\Program Files\nodejs\node_modules\npm\node_modules\npm-registry-client\lib\request.js:241:14)
29 verbose stack     at Request._callback (C:\Program Files\nodejs\node_modules\npm\node_modules\npm-registry-client\lib\request.js:171:14)
29 verbose stack     at Request.self.callback (C:\Program Files\nodejs\node_modules\npm\node_modules\request\request.js:198:22)
29 verbose stack     at emitTwo (events.js:87:13)
29 verbose stack     at Request.emit (events.js:172:7)
29 verbose stack     at Request.<anonymous> (C:\Program Files\nodejs\node_modules\npm\node_modules\request\request.js:1073:14)
29 verbose stack     at emitOne (events.js:82:20)
29 verbose stack     at Request.emit (events.js:169:7)
29 verbose stack     at IncomingMessage.<anonymous> (C:\Program Files\nodejs\node_modules\npm\node_modules\request\request.js:1019:12)
30 verbose statusCode 404
31 verbose pkgid child_process
32 verbose cwd C:\Users\hesham\Google Drive\projects\RaspberryPi\FirstTimeWizard\ftw_page
33 error Windows_NT 10.0.10586
34 error argv "C:\\Program Files\\nodejs\\node.exe" "C:\\Program Files\\nodejs\\node_modules\\npm\\bin\\npm-cli.js" "install" "child_process"
35 error node v4.1.0
36 error npm  v2.14.3
37 error code E404
38 error 404 Registry returned 404 for GET on https://registry.npmjs.org/child_process
38 error 404
38 error 404 'child_process' is not in the npm registry.
38 error 404 Your package name is not valid, because
38 error 404
38 error 404  1. child_process is a core module name
38 error 404
38 error 404 Note that you can also install from a
38 error 404 tarball, folder, http url, or git url.
39 verbose exit [ 1, true ]
